<?xml version="1.0" encoding="UTF-8"?>
<!-- Generated by org.testng.reporters.JUnitReportReporter -->
<testsuite hostname="Tushar-PC" failures="0" tests="1" name="com.test.LoginTest" time="53.377" errors="0" timestamp="2023-10-18T11:58:03 IST" skipped="0">
  <testcase classname="com.test.LoginTest" name="loginTest" time="53.377"/>
  <system-out/>
</testsuite> <!-- com.test.LoginTest -->
