<?xml version="1.0" encoding="UTF-8"?>
<!-- Generated by org.testng.reporters.JUnitReportReporter -->
<testsuite hostname="Tushar" failures="0" tests="1" name="com.test.PIMTest" time="0.006" errors="0" timestamp="2023-10-22T09:56:01 IST" skipped="0">
  <testcase classname="com.test.PIMTest" name="pimTest" time="0.006"/>
</testsuite> <!-- com.test.PIMTest -->
