<?xml version="1.0" encoding="UTF-8"?>
<!-- Generated by org.testng.reporters.JUnitReportReporter -->
<testsuite hostname="Tushar" failures="0" tests="2" name="com.test.HomepageTest" time="1.516" errors="0" timestamp="2023-10-30T12:09:29 IST" skipped="0">
  <testcase classname="com.test.HomepageTest" name="validate_url" time="0.053"/>
  <testcase classname="com.test.HomepageTest" name="test" time="1.463"/>
</testsuite> <!-- com.test.HomepageTest -->
