<?xml version="1.0" encoding="UTF-8"?>
<!-- Generated by org.testng.reporters.JUnitReportReporter -->
<testsuite hostname="Tushar" failures="0" tests="5" name="com.test.PIMTest" time="53.801" errors="0" timestamp="2023-10-26T10:06:35 IST" skipped="0">
  <testcase classname="com.test.PIMTest" name="validate_add_Employee" time="10.464"/>
  <testcase classname="com.test.PIMTest" name="validate_add_Employee" time="11.741"/>
  <testcase classname="com.test.PIMTest" name="validate_add_Employee" time="10.529"/>
  <testcase classname="com.test.PIMTest" name="validate_add_Employee" time="10.497"/>
  <testcase classname="com.test.PIMTest" name="validate_add_Employee" time="10.570"/>
</testsuite> <!-- com.test.PIMTest -->
