<?xml version="1.0" encoding="UTF-8"?>
<!-- Generated by org.testng.reporters.JUnitReportReporter -->
<testsuite hostname="Tushar" failures="0" tests="1" name="com.test.PIMTest" time="0.020" errors="0" timestamp="2023-10-22T10:09:07 IST" skipped="0">
  <testcase classname="com.test.PIMTest" name="validate_url" time="0.020"/>
</testsuite> <!-- com.test.PIMTest -->
