<?xml version="1.0" encoding="UTF-8"?>
<!-- Generated by org.testng.reporters.JUnitReportReporter -->
<testsuite hostname="Tushar" failures="0" tests="1" name="com.test.LoginTest" time="20.995" errors="0" timestamp="2023-10-21T18:47:10 IST" skipped="0">
  <testcase classname="com.test.LoginTest" name="test_users" time="20.995"/>
</testsuite> <!-- com.test.LoginTest -->
