<?xml version="1.0" encoding="UTF-8"?>
<!-- Generated by org.testng.reporters.JUnitReportReporter -->
<testsuite hostname="Tushar" failures="0" tests="1" name="com.test.LoginTest" time="15.081" errors="0" timestamp="2023-10-23T09:56:58 IST" skipped="0">
  <testcase classname="com.test.LoginTest" name="test_users" time="15.081"/>
</testsuite> <!-- com.test.LoginTest -->
