<?xml version="1.0" encoding="UTF-8"?>
<!-- Generated by org.testng.reporters.JUnitReportReporter -->
<testsuite hostname="Tushar" failures="0" tests="5" name="com.test.PIMTest" time="53.723" errors="0" timestamp="2023-10-27T10:39:29 IST" skipped="0">
  <testcase classname="com.test.PIMTest" name="validate_add_Employee" time="10.459"/>
  <testcase classname="com.test.PIMTest" name="validate_add_Employee" time="11.724"/>
  <testcase classname="com.test.PIMTest" name="validate_add_Employee" time="10.504"/>
  <testcase classname="com.test.PIMTest" name="validate_add_Employee" time="10.550"/>
  <testcase classname="com.test.PIMTest" name="validate_add_Employee" time="10.486"/>
</testsuite> <!-- com.test.PIMTest -->
